<?xml version="1.0" encoding="UTF-8"?>
<!-- Generated by org.testng.reporters.JUnitReportReporter -->
<testsuite hostname="Acer" failures="0" tests="1" name="Day1.Test1" time="12.047" errors="0" timestamp="2025-04-06T11:46:21 IST" skipped="0">
  <testcase classname="Day1.Test1" name="f" time="12.047"/>
</testsuite> <!-- Day1.Test1 -->
